[19:48:49] [main/INFO]: Loading for game Minecraft 1.16.5
[19:48:49] [main/INFO]: [FabricLoader] Loading 9 mods:
	- fabric-api-base@0.1.3+12a8474c95
	- fabric-command-api-v1@1.0.8+5ce5339895
	- fabric-events-interaction-v0@0.4.0+e2e6cdad95
	- fabric-lifecycle-events-v1@1.2.0+74cc3b2095
	- fabric-networking-v0@0.1.10+e00ecb5f95
	- fabricloader@0.11.6
	- java@16
	- minecraft@1.16.5
	- worldedit@7.2.1+299386a
[19:48:49] [main/INFO]: SpongePowered MIXIN Subsystem Version=0.8.2 Source=file:/C:/Users/OggySpelar/Desktop/test2/fabric-server-launch.jar Service=Knot/Fabric Env=SERVER
[19:48:52] [main/INFO]: WorldEdit for Fabric (version 7.2.1+299386a) is loaded
[19:48:53] [main/INFO]: Environment: authHost='https://authserver.mojang.com', accountsHost='https://api.mojang.com', sessionHost='https://sessionserver.mojang.com', servicesHost='https://api.minecraftservices.com', name='PROD'
[19:48:53] [main/WARN]: Ambiguity between arguments [teleport, destination] and [teleport, targets] with inputs: [Player, 0123, @e, dd12be42-52a9-4a91-a8a1-11c01849e498]
[19:48:53] [main/WARN]: Ambiguity between arguments [teleport, location] and [teleport, destination] with inputs: [0.1 -0.5 .9, 0 0 0]
[19:48:53] [main/WARN]: Ambiguity between arguments [teleport, location] and [teleport, targets] with inputs: [0.1 -0.5 .9, 0 0 0]
[19:48:53] [main/WARN]: Ambiguity between arguments [teleport, targets] and [teleport, destination] with inputs: [Player, 0123, dd12be42-52a9-4a91-a8a1-11c01849e498]
[19:48:53] [main/WARN]: Ambiguity between arguments [teleport, targets, location] and [teleport, targets, destination] with inputs: [0.1 -0.5 .9, 0 0 0]
[19:48:53] [main/INFO]: Reloading ResourceManager: Default
[19:48:54] [Worker-Main-13/INFO]: Loaded 7 recipes
[19:48:54] [Worker-Main-13/INFO]: Loaded 927 advancements
[19:48:55] [Server thread/INFO]: Starting minecraft server version 1.16.5
[19:48:55] [Server thread/INFO]: Loading properties
[19:48:55] [Server thread/INFO]: Default game type: SURVIVAL
[19:48:55] [Server thread/INFO]: Generating keypair
[19:48:55] [Server thread/INFO]: Starting Minecraft server on *:25565
[19:48:55] [Server thread/INFO]: Using default channel type
[19:48:55] [Server thread/INFO]: Preparing level "world"
[19:48:55] [Server thread/INFO]: Preparing start region for dimension minecraft:overworld
[19:48:56] [Server thread/INFO]: Preparing spawn area: 0%
[19:48:56] [Server thread/INFO]: Preparing spawn area: 0%
[19:48:56] [Server thread/INFO]: Preparing spawn area: 0%
[19:48:58] [Worker-Main-13/INFO]: Preparing spawn area: 83%
[19:48:58] [Worker-Main-12/INFO]: Preparing spawn area: 83%
[19:48:58] [Worker-Main-8/INFO]: Preparing spawn area: 83%
[19:48:58] [Worker-Main-12/INFO]: Preparing spawn area: 83%
[19:48:59] [Server thread/INFO]: Preparing spawn area: 99%
[19:48:59] [Server thread/INFO]: Time elapsed: 3599 ms
[19:48:59] [Server thread/INFO]: Done (3.723s)! For help, type "help"
[19:48:59] [Server thread/INFO]: Got request to register class com.sk89q.worldedit.fabric.FabricPlatform with WorldEdit [com.sk89q.worldedit.extension.platform.PlatformManager@41c6dbac]
[19:48:59] [Server thread/INFO]: Registering commands with com.sk89q.worldedit.fabric.FabricPlatform
[19:48:59] [Server thread/WARN]: Ambiguity between arguments [teleport, destination] and [teleport, targets] with inputs: [Player, 0123, @e, dd12be42-52a9-4a91-a8a1-11c01849e498]
[19:48:59] [Server thread/WARN]: Ambiguity between arguments [teleport, location] and [teleport, destination] with inputs: [0.1 -0.5 .9, 0 0 0]
[19:48:59] [Server thread/WARN]: Ambiguity between arguments [teleport, location] and [teleport, targets] with inputs: [0.1 -0.5 .9, 0 0 0]
[19:48:59] [Server thread/WARN]: Ambiguity between arguments [teleport, targets] and [teleport, destination] with inputs: [Player, 0123, dd12be42-52a9-4a91-a8a1-11c01849e498]
[19:48:59] [Server thread/WARN]: Ambiguity between arguments [teleport, targets, location] and [teleport, targets, destination] with inputs: [0.1 -0.5 .9, 0 0 0]
[19:48:59] [Server thread/INFO]: Reloading ResourceManager: Default
[19:49:00] [Server thread/INFO]: Loaded 7 recipes
[19:49:00] [Server thread/INFO]: Loaded 927 advancements
[19:50:53] [User Authenticator #1/INFO]: UUID of player OggySpelar is 393359c4-6768-4e66-a18f-d1555e7ce993
[19:50:53] [Server thread/INFO]: OggySpelar[/127.0.0.1:65056] logged in with entity id 278 at (-78.3330682019908, 77.0, -87.62460368314375)
[19:50:53] [Server thread/INFO]: OggySpelar joined the game
[19:51:00] [Server thread/INFO]: OggySpelar lost connection: Disconnected
[19:51:00] [Server thread/INFO]: OggySpelar left the game
[19:51:14] [Server thread/INFO]: Made OggySpelar a server operator
[19:51:19] [Server thread/INFO]: Stopping the server
[19:51:19] [Server thread/INFO]: Unregistering com.sk89q.worldedit.fabric.FabricPlatform from WorldEdit
[19:51:19] [Server thread/INFO]: Stopping server
[19:51:19] [Server thread/INFO]: Saving players
[19:51:19] [Server thread/INFO]: Saving worlds
[19:51:19] [Server thread/INFO]: Saving chunks for level 'ServerLevel[world]'/minecraft:overworld
[19:51:19] [Server thread/INFO]: ThreadedAnvilChunkStorage (world): All chunks are saved
[19:51:19] [Server thread/INFO]: Saving chunks for level 'ServerLevel[world]'/minecraft:the_nether
[19:51:19] [Server thread/INFO]: ThreadedAnvilChunkStorage (DIM-1): All chunks are saved
[19:51:19] [Server thread/INFO]: Saving chunks for level 'ServerLevel[world]'/minecraft:the_end
[19:51:19] [Server thread/INFO]: ThreadedAnvilChunkStorage (DIM1): All chunks are saved
[19:51:19] [Server thread/INFO]: ThreadedAnvilChunkStorage (world): All chunks are saved
[19:51:19] [Server thread/INFO]: ThreadedAnvilChunkStorage (DIM-1): All chunks are saved
[19:51:19] [Server thread/INFO]: ThreadedAnvilChunkStorage (DIM1): All chunks are saved
